{
  level: 'debug',
  message: 'some error',
  label: 'winston custom format',
  timestamp: 'Wednesday, September 21st 2022, 9:49:39 am'
}
{
  level: 'debug',
  message: 'some error',
  label: 'winston custom format',
  timestamp: 'Wednesday, September 21st 2022, 9:55:16 am'
}
{
  message: 'Opening dev tools',
  level: 'debug',
  label: 'winston custom format',
  timestamp: 'Wednesday, September 21st 2022, 9:55:27 am'
}
{
  message: 'Opening dev tools',
  level: 'debug',
  label: 'winston custom format',
  timestamp: 'Friday, September 23rd 2022, 12:37:47 pm'
}
{
  message: 'Opening dev tools',
  level: 'debug',
  label: 'winston custom format',
  timestamp: 'Friday, September 23rd 2022, 12:37:57 pm'
}
{
  message: 'Opening dev tools',
  level: 'debug',
  label: 'winston custom format',
  timestamp: 'Friday, September 23rd 2022, 1:04:59 pm'
}
{
  message: 'Opening dev tools',
  level: 'debug',
  label: 'winston custom format',
  timestamp: 'Friday, September 23rd 2022, 1:05:36 pm'
}
{
  message: 'Opening dev tools',
  level: 'debug',
  label: 'winston custom format',
  timestamp: 'Friday, September 23rd 2022, 1:06:35 pm'
}
{
  message: 'Opening dev tools',
  level: 'debug',
  label: 'winston custom format',
  timestamp: 'Friday, September 23rd 2022, 1:07:13 pm'
}
{
  message: 'Opening dev tools',
  level: 'debug',
  label: 'winston custom format',
  timestamp: 'Friday, September 23rd 2022, 1:18:37 pm'
}
